
LOG_REV: 2.0
DATA_SET_ID: 23DUK74H3zoD21C35
PROGRAM: B63AQW2_2TD_F2
LOT: 6816292.0
SMS_LOT: 6816292.002
START_LOT_KEY: 6816292
PRB_FID_LOT: 6816292
WAFER: 6292-04
WAFER_SCRIBE: DZ78Z128SEE5
TESTER: W26S
STATION_NAME: W26S2LA3EX
DESIGN_ID: B63A
PART_TYPE: B63AJ02ANA
PART_LOCK: 3.3V,L,BY8,L,INTEL,L
MAP_VERS: 12
MAP_REV: A2
ENG_CONTACT: amjidanutpan
PRB_FACILITY: LEHI
MAJOR_PROBE_PROG_REV: 00
INTERFACE: NA
PRB_CARD: 12539
TEST_STEP: FINALTEMP: 90
WAF_SIZE: 12
SYS_SOFT_VERSION: C.03.08
UNITS_EXPECTED: 500
COMMON_REV: 10.0a
PROCESS_ID: FPP
RUN_ID: 00
PARTNER: INTEL
WIDTH: 8
VOLTAGE: 3.3 VOLTS
START_ETIME: 1254839643
LOT_PREFIX: 6816292
OPERATOR: 0
LOT_ID: 6816292.002
START_DATETIME: 10/06/2009 08:34:03
PROD_FAMILY: FLASH

BEGIN_PROBE_DEFS
DEFINE ELEMENT (C|B)(int)
DEFINE ADDRESS (int)
DEFINE BITS (int)
DEFINE BIN (A-Z|a-z|$|-|@)
*R RPR_SLN ELEMENT ADDRESS BITS BIN
*U RPU_SLN ELEMENT ADDRESS BITS BIN
*M RPM_SLN ELEMENT ADDRESS BITS BIN
*P RPP_SLN ELEMENT BIN
DBASE NAND
FID_FORMAT LOT WAFER ROW COL WAFSIZE
REPAIR_DENSITY rdb . B * * * .
REPAIR_DENSITY rd . C * * * .
RPR_BIN_DEF s S m X M U n p r x i B j d E V Y J G g L
BIN_SEQ    H   i   I   &   T   R   c   s   S   m   X   M   U   n   p   r   x   a   Q   B   j   d   u   f   E   V   Y   J   G   g   L   $   k   t   o   z   O   q   W
TREND_DEF      FINAL_FAIL_BIN_ASCII                     00 ASCII equivalent of the first character of the fail bin to which a die failed
TREND_DEF      TEST_REV                                 00 Test Revision IMFT_0000
TREND_DEF      SWR                                      00 Wafer is SWR or not IMFT_0000
TREND_DEF      TOUCHDOWN                                00 probe card touchdown on which each die tested
TREND_DEF      FINAL_USE_RCOLS_PLANE_0_BOT        00 Total rcols used
TREND_DEF      FINAL_USE_RCOLS_PLANE_1_BOT        00 Total rcols used
TREND_DEF      FINAL_USE_RCOLS_PLANE_0_TOP        00 Total rcols used
TREND_DEF      FINAL_USE_RCOLS_PLANE_1_TOP        00 Total rcols used
TREND_DEF      FINAL_USE_RCOLS                          00 Number of Used Red Cols IMFT_0000
TREND_DEF      FINAL_BAD_RCOLS                          00 Number of Bad Red Cols IMFT_0000
TREND_DEF      FINAL_BAD_MBLKS                          00 Number of Bad Main Blks IMFT_0000
TREND_DEF      FINAL_BAD_MBLKS_PLANE0             00 Number of Bad Main Blks Per Plane IMFT_0000
TREND_DEF      FINAL_BAD_MBLKS_PLANE1             00 Number of Bad Main Blks Per Plane IMFT_0000
TREND_DEF      FINAL_BAD_RBLKS                          00 Number of Bad Red Blks IMFT_0000
TREND_DEF      FINAL_BAD_RBLKS_PLANE0             00 Number of Bad Red Blks Per Plane IMFT_0000
TREND_DEF      FINAL_BAD_RBLKS_PLANE1             00 Number of Bad Red Blks Per Plane IMFT_0000
TREND_DEF      MBLK_CASUALTY_RATE                       00 Percent of Main Blks that are Bad IMFT_0000
TREND_DEF      PHYSICAL_SITE                            00 Tester physical Site IMFT_0000
TREND_DEF      TESTER_SUB_SITE                          00 Tester Sub Site A[0] or B[1] IMFT_0000
TREND_DEF      VK_SITE                                  00 Tester Die Site IMFT_0000

@ 1 1254954467 220NN:0NN
{
Head(0) Site(8) (X,Y)=(10,1)
TOUCHDOWN 1
dlog_info=6823932.032,3932-08,AGILENT_TIMERS
TIMING_SET=TIMING_DEFAULT(PASS)
CellCurrent option successfully set.
SWR 1
MLC monitor sampling this wafer

BMECRInit()->set_bmecr_address_mask(ecr1Memory, 0xFC000000, 0)
TRIM_SET_TO_DEFAULT
RCOL_SET_TO_DEFAULT
RBLK_SET_TO_DEFAULT
BBLK_SET_TO_DEFAULT
BBBL_SET_TO_DEFAULT
FSID_SET_TO_DEFAULT
FUID_SET_TO_DEFAULT
DEBUG_VALUE 1

FUSE_DATA_STRUCTURE_CONSISTENCY_CHECK(TBD):
        FUSE=FuseDecode_CReg NUM_FUSE_DECODE=167
        FUSE=FuseDecode_PReg NUM_FUSE_DECODE=46
        FUSE=FuseDecode_Trim NUM_FUSE_DECODE=256
        FUSE=FuseDecode_RCol NUM_FUSE_DECODE=256
        FUSE=FuseDecode_RBlk NUM_FUSE_DECODE=256
        FUSE=FuseDecode_BBlk NUM_FUSE_DECODE=256
        FUSE=FuseDecode_BBBL NUM_FUSE_DECODE=1186
        FUSE=FuseDecode_FSID NUM_FUSE_DECODE=2322
        FUSE=FuseDecode_FUID NUM_FUSE_DECODE=96
        FUSE= NUM_FUSE_DECODE=1553
        FUSE= NUM_FUSE_DECODE=528
        FUSE= NUM_FUSE_DECODE=30
        FUSE= NUM_FUSE_DECODE=512
TEST_REV C02
Interpose setup
Updating NUM_DUTS_ALIVE from 218 to 220
PHYSICAL_SITE 41
TESTER_SUB_SITE 0
VK_PHYSICAL_SITE B2BA
PROBECARD_SITE 8
+=================================================================================+
| OPENS Dut 0 (10,1) (Bins H i)
+=================================================================================+
Dut A opens status 0
            Binreg  Bitreg
            ------  ------
Bin Results  (E)    (0)

}

